Copyright 1986-2022 Xilinx, Inc. All Rights Reserved. Copyright 2022-2024 Advanced Micro Devices, Inc. All Rights Reserved.
---------------------------------------------------------------------------------------------------------------------------------------------
| Tool Version : Vivado v.2024.2 (win64) Build 5239630 Fri Nov 08 22:35:27 MST 2024
| Date         : Sun May 10 18:35:02 2026
| Host         : DESKTOP-T66FGJ1 running 64-bit major release  (build 9200)
| Command      : report_timing_summary -file D:/IC_Workspace/mnist/fpga/build/iter5_conv1_pipe/reports/route_timing_summary.rpt
| Design       : top_mnist
| Device       : 7z020-clg400
| Speed File   : -1  PRODUCTION 1.12 2019-11-22
| Design State : Routed
---------------------------------------------------------------------------------------------------------------------------------------------

Timing Summary Report

------------------------------------------------------------------------------------------------
| Timer Settings
| --------------
------------------------------------------------------------------------------------------------

  Enable Multi Corner Analysis               :  Yes
  Enable Pessimism Removal                   :  Yes
  Pessimism Removal Resolution               :  Nearest Common Node
  Enable Input Delay Default Clock           :  No
  Enable Preset / Clear Arcs                 :  No
  Disable Flight Delays                      :  No
  Ignore I/O Paths                           :  No
  Timing Early Launch at Borrowing Latches   :  No
  Borrow Time for Max Delay Exceptions       :  Yes
  Merge Timing Exceptions                    :  Yes
  Inter-SLR Compensation                     :  Conservative

  Corner  Analyze    Analyze    
  Name    Max Paths  Min Paths  
  ------  ---------  ---------  
  Slow    Yes        Yes        
  Fast    Yes        Yes        


------------------------------------------------------------------------------------------------
| Report Methodology
| ------------------
------------------------------------------------------------------------------------------------

Rule       Severity  Description                                 Violations  
---------  --------  ------------------------------------------  ----------  
DPIR-1     Warning   Asynchronous driver check                   3498        
SYNTH-6    Warning   Timing of a RAM block might be sub-optimal  17          
TIMING-18  Warning   Missing input or output delay               1           
XDCH-2     Warning   Same min and max delay values on IO port    39          

Note: This report is based on the most recent report_methodology run and may not be up-to-date. Run report_methodology on the current design for the latest report.



check_timing report

Table of Contents
-----------------
1. checking no_clock (0)
2. checking constant_clock (0)
3. checking pulse_width_clock (0)
4. checking unconstrained_internal_endpoints (0)
5. checking no_input_delay (1)
6. checking no_output_delay (0)
7. checking multiple_clock (0)
8. checking generated_clocks (0)
9. checking loops (0)
10. checking partial_input_delay (0)
11. checking partial_output_delay (0)
12. checking latch_loops (0)

1. checking no_clock (0)
------------------------
 There are 0 register/latch pins with no clock.


2. checking constant_clock (0)
------------------------------
 There are 0 register/latch pins with constant_clock.


3. checking pulse_width_clock (0)
---------------------------------
 There are 0 register/latch pins which need pulse_width check


4. checking unconstrained_internal_endpoints (0)
------------------------------------------------
 There are 0 pins that are not constrained for maximum delay.

 There are 0 pins that are not constrained for maximum delay due to constant clock.


5. checking no_input_delay (1)
------------------------------
 There is 1 input port with no input delay specified. (HIGH)

 There are 0 input ports with no input delay but user has a false path constraint.


6. checking no_output_delay (0)
-------------------------------
 There are 0 ports with no output delay specified.

 There are 0 ports with no output delay but user has a false path constraint

 There are 0 ports with no output delay but with a timing clock defined on it or propagating through it


7. checking multiple_clock (0)
------------------------------
 There are 0 register/latch pins with multiple clocks.


8. checking generated_clocks (0)
--------------------------------
 There are 0 generated clocks that are not connected to a clock source.


9. checking loops (0)
---------------------
 There are 0 combinational loops in the design.


10. checking partial_input_delay (0)
------------------------------------
 There are 0 input ports with partial input delay specified.


11. checking partial_output_delay (0)
-------------------------------------
 There are 0 ports with partial output delay specified.


12. checking latch_loops (0)
----------------------------
 There are 0 combinational latch loops in the design through latch input



------------------------------------------------------------------------------------------------
| Design Timing Summary
| ---------------------
------------------------------------------------------------------------------------------------

    WNS(ns)      TNS(ns)  TNS Failing Endpoints  TNS Total Endpoints      WHS(ns)      THS(ns)  THS Failing Endpoints  THS Total Endpoints     WPWS(ns)     TPWS(ns)  TPWS Failing Endpoints  TPWS Total Endpoints  
    -------      -------  ---------------------  -------------------      -------      -------  ---------------------  -------------------     --------     --------  ----------------------  --------------------  
      0.419        0.000                      0                92944        0.054        0.000                      0                92944        5.750        0.000                       0                 46149  


All user specified timing constraints are met.


------------------------------------------------------------------------------------------------
| Clock Summary
| -------------
------------------------------------------------------------------------------------------------

Clock  Waveform(ns)       Period(ns)      Frequency(MHz)
-----  ------------       ----------      --------------
clk    {0.000 6.250}      12.500          80.000          


------------------------------------------------------------------------------------------------
| Intra Clock Table
| -----------------
------------------------------------------------------------------------------------------------

Clock             WNS(ns)      TNS(ns)  TNS Failing Endpoints  TNS Total Endpoints      WHS(ns)      THS(ns)  THS Failing Endpoints  THS Total Endpoints     WPWS(ns)     TPWS(ns)  TPWS Failing Endpoints  TPWS Total Endpoints  
-----             -------      -------  ---------------------  -------------------      -------      -------  ---------------------  -------------------     --------     --------  ----------------------  --------------------  
clk                 0.419        0.000                      0                92944        0.054        0.000                      0                92944        5.750        0.000                       0                 46149  


------------------------------------------------------------------------------------------------
| Inter Clock Table
| -----------------
------------------------------------------------------------------------------------------------

From Clock    To Clock          WNS(ns)      TNS(ns)  TNS Failing Endpoints  TNS Total Endpoints      WHS(ns)      THS(ns)  THS Failing Endpoints  THS Total Endpoints  
----------    --------          -------      -------  ---------------------  -------------------      -------      -------  ---------------------  -------------------  


------------------------------------------------------------------------------------------------
| Other Path Groups Table
| -----------------------
------------------------------------------------------------------------------------------------

Path Group    From Clock    To Clock          WNS(ns)      TNS(ns)  TNS Failing Endpoints  TNS Total Endpoints      WHS(ns)      THS(ns)  THS Failing Endpoints  THS Total Endpoints  
----------    ----------    --------          -------      -------  ---------------------  -------------------      -------      -------  ---------------------  -------------------  


------------------------------------------------------------------------------------------------
| Timing Details
| --------------
------------------------------------------------------------------------------------------------


---------------------------------------------------------------------------------------------------
From Clock:  clk
  To Clock:  clk

Setup :            0  Failing Endpoints,  Worst Slack        0.419ns,  Total Violation        0.000ns
Hold  :            0  Failing Endpoints,  Worst Slack        0.054ns,  Total Violation        0.000ns
PW    :            0  Failing Endpoints,  Worst Slack        5.750ns,  Total Violation        0.000ns
---------------------------------------------------------------------------------------------------


Max Delay Paths
--------------------------------------------------------------------------------------
Slack (MET) :             0.419ns  (required time - arrival time)
  Source:                 backend_inst/fc1_inst/px_d2_reg[15]/C
                            (rising edge-triggered cell FDCE clocked by clk  {rise@0.000ns fall@6.250ns period=12.500ns})
  Destination:            backend_inst/fc1_inst/out_pixels_reg[100][4]/D
                            (rising edge-triggered cell FDCE clocked by clk  {rise@0.000ns fall@6.250ns period=12.500ns})
  Path Group:             clk
  Path Type:              Setup (Max at Slow Process Corner)
  Requirement:            12.500ns  (clk rise@12.500ns - clk rise@0.000ns)
  Data Path Delay:        11.826ns  (logic 5.950ns (50.314%)  route 5.876ns (49.686%))
  Logic Levels:           7  (CARRY4=4 DSP48E1=1 LUT2=1 LUT3=1)
  Clock Path Skew:        0.040ns (DCD - SCD + CPR)
    Destination Clock Delay (DCD):    4.843ns = ( 17.343 - 12.500 ) 
    Source Clock Delay      (SCD):    5.178ns
    Clock Pessimism Removal (CPR):    0.375ns
  Clock Uncertainty:      0.035ns  ((TSJ^2 + TIJ^2)^1/2 + DJ) / 2 + PE
    Total System Jitter     (TSJ):    0.071ns
    Total Input Jitter      (TIJ):    0.000ns
    Discrete Jitter          (DJ):    0.000ns
    Phase Error              (PE):    0.000ns

    Location             Delay type                Incr(ns)  Path(ns)    Netlist Resource(s)
  -------------------------------------------------------------------    -------------------
                         (clock clk rise edge)        0.000     0.000 r  
    U7                                                0.000     0.000 r  clk (IN)
                         net (fo=0)                   0.000     0.000    clk
    U7                   IBUF (Prop_ibuf_I_O)         1.058     1.058 r  clk_IBUF_inst/O
                         net (fo=1, routed)           2.171     3.229    clk_IBUF
    BUFGCTRL_X0Y0        BUFG (Prop_bufg_I_O)         0.101     3.330 r  clk_IBUF_BUFG_inst/O
                         net (fo=46150, routed)       1.848     5.178    backend_inst/fc1_inst/clk_IBUF_BUFG
    SLICE_X37Y102        FDCE                                         r  backend_inst/fc1_inst/px_d2_reg[15]/C
  -------------------------------------------------------------------    -------------------
    SLICE_X37Y102        FDCE (Prop_fdce_C_Q)         0.419     5.597 r  backend_inst/fc1_inst/px_d2_reg[15]/Q
                         net (fo=15, routed)          0.843     6.440    backend_inst/fc1_inst/px_d2_reg_n_0_[15]
    DSP48_X2Y41          DSP48E1 (Prop_dsp48e1_A[23]_P[22])
                                                      4.013    10.453 r  backend_inst/fc1_inst/value/P[22]
                         net (fo=3, routed)           1.201    11.655    backend_inst/fc1_inst/value_n_83
    SLICE_X38Y103        LUT2 (Prop_lut2_I0_O)        0.124    11.779 r  backend_inst/fc1_inst/out_pixels[0][15]_i_29/O
                         net (fo=1, routed)           0.000    11.779    backend_inst/fc1_inst/out_pixels[0][15]_i_29_n_0
    SLICE_X38Y103        CARRY4 (Prop_carry4_S[0]_CO[3])
                                                      0.513    12.292 r  backend_inst/fc1_inst/out_pixels_reg[0][15]_i_14/CO[3]
                         net (fo=1, routed)           0.000    12.292    backend_inst/fc1_inst/out_pixels_reg[0][15]_i_14_n_0
    SLICE_X38Y104        CARRY4 (Prop_carry4_CI_CO[3])
                                                      0.117    12.409 r  backend_inst/fc1_inst/out_pixels_reg[0][15]_i_8/CO[3]
                         net (fo=1, routed)           0.000    12.409    backend_inst/fc1_inst/out_pixels_reg[0][15]_i_8_n_0
    SLICE_X38Y105        CARRY4 (Prop_carry4_CI_CO[3])
                                                      0.117    12.526 r  backend_inst/fc1_inst/out_pixels_reg[0][15]_i_6/CO[3]
                         net (fo=1, routed)           0.000    12.526    backend_inst/fc1_inst/out_pixels_reg[0][15]_i_6_n_0
    SLICE_X38Y106        CARRY4 (Prop_carry4_CI_CO[0])
                                                      0.254    12.780 r  backend_inst/fc1_inst/out_pixels_reg[0][15]_i_5/CO[0]
                         net (fo=16, routed)          1.314    14.094    backend_inst/fc1_inst/p_1_in2_in
    SLICE_X53Y113        LUT3 (Prop_lut3_I2_O)        0.393    14.487 r  backend_inst/fc1_inst/out_pixels[0][4]_i_1/O
                         net (fo=128, routed)         2.517    17.004    backend_inst/fc1_inst/sat_relu0_return[4]
    SLICE_X109Y137       FDCE                                         r  backend_inst/fc1_inst/out_pixels_reg[100][4]/D
  -------------------------------------------------------------------    -------------------

                         (clock clk rise edge)       12.500    12.500 r  
    U7                                                0.000    12.500 r  clk (IN)
                         net (fo=0)                   0.000    12.500    clk
    U7                   IBUF (Prop_ibuf_I_O)         0.924    13.424 r  clk_IBUF_inst/O
                         net (fo=1, routed)           1.972    15.396    clk_IBUF
    BUFGCTRL_X0Y0        BUFG (Prop_bufg_I_O)         0.091    15.487 r  clk_IBUF_BUFG_inst/O
                         net (fo=46150, routed)       1.856    17.343    backend_inst/fc1_inst/clk_IBUF_BUFG
    SLICE_X109Y137       FDCE                                         r  backend_inst/fc1_inst/out_pixels_reg[100][4]/C
                         clock pessimism              0.375    17.718    
                         clock uncertainty           -0.035    17.683    
    SLICE_X109Y137       FDCE (Setup_fdce_C_D)       -0.260    17.423    backend_inst/fc1_inst/out_pixels_reg[100][4]
  -------------------------------------------------------------------
                         required time                         17.423    
                         arrival time                         -17.004    
  -------------------------------------------------------------------
                         slack                                  0.419    





Min Delay Paths
--------------------------------------------------------------------------------------
Slack (MET) :             0.054ns  (arrival time - required time)
  Source:                 conv2_inst/lb_inst/r1_t1_reg[131]/C
                            (rising edge-triggered cell FDCE clocked by clk  {rise@0.000ns fall@6.250ns period=12.500ns})
  Destination:            conv2_inst/lb_inst/pixel_out_reg[3][131]/D
                            (rising edge-triggered cell FDCE clocked by clk  {rise@0.000ns fall@6.250ns period=12.500ns})
  Path Group:             clk
  Path Type:              Hold (Min at Fast Process Corner)
  Requirement:            0.000ns  (clk rise@0.000ns - clk rise@0.000ns)
  Data Path Delay:        0.334ns  (logic 0.128ns (38.312%)  route 0.206ns (61.688%))
  Logic Levels:           0  
  Clock Path Skew:        0.268ns (DCD - SCD - CPR)
    Destination Clock Delay (DCD):    2.103ns
    Source Clock Delay      (SCD):    1.586ns
    Clock Pessimism Removal (CPR):    0.249ns

    Location             Delay type                Incr(ns)  Path(ns)    Netlist Resource(s)
  -------------------------------------------------------------------    -------------------
                         (clock clk rise edge)        0.000     0.000 r  
    U7                                                0.000     0.000 r  clk (IN)
                         net (fo=0)                   0.000     0.000    clk
    U7                   IBUF (Prop_ibuf_I_O)         0.286     0.286 r  clk_IBUF_inst/O
                         net (fo=1, routed)           0.663     0.949    clk_IBUF
    BUFGCTRL_X0Y0        BUFG (Prop_bufg_I_O)         0.026     0.975 r  clk_IBUF_BUFG_inst/O
                         net (fo=46150, routed)       0.611     1.586    conv2_inst/lb_inst/clk_IBUF_BUFG
    SLICE_X93Y49         FDCE                                         r  conv2_inst/lb_inst/r1_t1_reg[131]/C
  -------------------------------------------------------------------    -------------------
    SLICE_X93Y49         FDCE (Prop_fdce_C_Q)         0.128     1.714 r  conv2_inst/lb_inst/r1_t1_reg[131]/Q
                         net (fo=1, routed)           0.206     1.920    conv2_inst/lb_inst/r1_t1[131]
    SLICE_X93Y50         FDCE                                         r  conv2_inst/lb_inst/pixel_out_reg[3][131]/D
  -------------------------------------------------------------------    -------------------

                         (clock clk rise edge)        0.000     0.000 r  
    U7                                                0.000     0.000 r  clk (IN)
                         net (fo=0)                   0.000     0.000    clk
    U7                   IBUF (Prop_ibuf_I_O)         0.476     0.476 r  clk_IBUF_inst/O
                         net (fo=1, routed)           0.719     1.195    clk_IBUF
    BUFGCTRL_X0Y0        BUFG (Prop_bufg_I_O)         0.029     1.224 r  clk_IBUF_BUFG_inst/O
                         net (fo=46150, routed)       0.879     2.103    conv2_inst/lb_inst/clk_IBUF_BUFG
    SLICE_X93Y50         FDCE                                         r  conv2_inst/lb_inst/pixel_out_reg[3][131]/C
                         clock pessimism             -0.249     1.854    
    SLICE_X93Y50         FDCE (Hold_fdce_C_D)         0.012     1.866    conv2_inst/lb_inst/pixel_out_reg[3][131]
  -------------------------------------------------------------------
                         required time                         -1.866    
                         arrival time                           1.920    
  -------------------------------------------------------------------
                         slack                                  0.054    





Pulse Width Checks
--------------------------------------------------------------------------------------
Clock Name:         clk
Waveform(ns):       { 0.000 6.250 }
Period(ns):         12.500
Sources:            { clk }

Check Type        Corner  Lib Pin             Reference Pin  Required(ns)  Actual(ns)  Slack(ns)  Location      Pin
Min Period        n/a     RAMB36E1/CLKARDCLK  n/a            2.576         12.500      9.924      RAMB36_X3Y20  backend_inst/fc1_inst/w_rom_inst/mem_reg_reg_0_0/CLKARDCLK
Low Pulse Width   Slow    FDCE/C              n/a            0.500         6.250       5.750      SLICE_X0Y6    in_buf_pixel_reg[0]/C
High Pulse Width  Slow    FDCE/C              n/a            0.500         6.250       5.750      SLICE_X0Y6    in_buf_pixel_reg[0]/C



