Copyright 1986-2022 Xilinx, Inc. All Rights Reserved. Copyright 2022-2024 Advanced Micro Devices, Inc. All Rights Reserved.
---------------------------------------------------------------------------------------------------------------------------------------------
| Tool Version : Vivado v.2024.2 (win64) Build 5239630 Fri Nov 08 22:35:27 MST 2024
| Date         : Sun May 10 18:29:50 2026
| Host         : DESKTOP-T66FGJ1 running 64-bit major release  (build 9200)
| Command      : report_timing_summary -file D:/IC_Workspace/mnist/fpga/build/iter5_conv1_pipe/reports/synth_timing_summary.rpt
| Design       : top_mnist
| Device       : 7z020-clg400
| Speed File   : -1  PRODUCTION 1.12 2019-11-22
| Design State : Synthesized
---------------------------------------------------------------------------------------------------------------------------------------------

Timing Summary Report

------------------------------------------------------------------------------------------------
| Timer Settings
| --------------
------------------------------------------------------------------------------------------------

  Enable Multi Corner Analysis               :  Yes
  Enable Pessimism Removal                   :  Yes
  Pessimism Removal Resolution               :  Nearest Common Node
  Enable Input Delay Default Clock           :  No
  Enable Preset / Clear Arcs                 :  No
  Disable Flight Delays                      :  No
  Ignore I/O Paths                           :  No
  Timing Early Launch at Borrowing Latches   :  No
  Borrow Time for Max Delay Exceptions       :  Yes
  Merge Timing Exceptions                    :  Yes
  Inter-SLR Compensation                     :  Conservative

  Corner  Analyze    Analyze    
  Name    Max Paths  Min Paths  
  ------  ---------  ---------  
  Slow    Yes        Yes        
  Fast    Yes        Yes        


------------------------------------------------------------------------------------------------
| Report Methodology
| ------------------
------------------------------------------------------------------------------------------------

No report available as report_methodology has not been run prior. Run report_methodology on the current design for the summary of methodology violations.



check_timing report

Table of Contents
-----------------
1. checking no_clock (0)
2. checking constant_clock (0)
3. checking pulse_width_clock (0)
4. checking unconstrained_internal_endpoints (0)
5. checking no_input_delay (1)
6. checking no_output_delay (0)
7. checking multiple_clock (0)
8. checking generated_clocks (0)
9. checking loops (0)
10. checking partial_input_delay (0)
11. checking partial_output_delay (0)
12. checking latch_loops (0)

1. checking no_clock (0)
------------------------
 There are 0 register/latch pins with no clock.


2. checking constant_clock (0)
------------------------------
 There are 0 register/latch pins with constant_clock.


3. checking pulse_width_clock (0)
---------------------------------
 There are 0 register/latch pins which need pulse_width check


4. checking unconstrained_internal_endpoints (0)
------------------------------------------------
 There are 0 pins that are not constrained for maximum delay.

 There are 0 pins that are not constrained for maximum delay due to constant clock.


5. checking no_input_delay (1)
------------------------------
 There is 1 input port with no input delay specified. (HIGH)

 There are 0 input ports with no input delay but user has a false path constraint.


6. checking no_output_delay (0)
-------------------------------
 There are 0 ports with no output delay specified.

 There are 0 ports with no output delay but user has a false path constraint

 There are 0 ports with no output delay but with a timing clock defined on it or propagating through it


7. checking multiple_clock (0)
------------------------------
 There are 0 register/latch pins with multiple clocks.


8. checking generated_clocks (0)
--------------------------------
 There are 0 generated clocks that are not connected to a clock source.


9. checking loops (0)
---------------------
 There are 0 combinational loops in the design.


10. checking partial_input_delay (0)
------------------------------------
 There are 0 input ports with partial input delay specified.


11. checking partial_output_delay (0)
-------------------------------------
 There are 0 ports with partial output delay specified.


12. checking latch_loops (0)
----------------------------
 There are 0 combinational latch loops in the design through latch input



------------------------------------------------------------------------------------------------
| Design Timing Summary
| ---------------------
------------------------------------------------------------------------------------------------

    WNS(ns)      TNS(ns)  TNS Failing Endpoints  TNS Total Endpoints      WHS(ns)      THS(ns)  THS Failing Endpoints  THS Total Endpoints     WPWS(ns)     TPWS(ns)  TPWS Failing Endpoints  TPWS Total Endpoints  
    -------      -------  ---------------------  -------------------      -------      -------  ---------------------  -------------------     --------     --------  ----------------------  --------------------  
      1.987        0.000                      0                92825        0.132        0.000                      0                92825        5.750        0.000                       0                 46097  


All user specified timing constraints are met.


------------------------------------------------------------------------------------------------
| Clock Summary
| -------------
------------------------------------------------------------------------------------------------

Clock  Waveform(ns)       Period(ns)      Frequency(MHz)
-----  ------------       ----------      --------------
clk    {0.000 6.250}      12.500          80.000          


------------------------------------------------------------------------------------------------
| Intra Clock Table
| -----------------
------------------------------------------------------------------------------------------------

Clock             WNS(ns)      TNS(ns)  TNS Failing Endpoints  TNS Total Endpoints      WHS(ns)      THS(ns)  THS Failing Endpoints  THS Total Endpoints     WPWS(ns)     TPWS(ns)  TPWS Failing Endpoints  TPWS Total Endpoints  
-----             -------      -------  ---------------------  -------------------      -------      -------  ---------------------  -------------------     --------     --------  ----------------------  --------------------  
clk                 1.987        0.000                      0                92825        0.132        0.000                      0                92825        5.750        0.000                       0                 46097  


------------------------------------------------------------------------------------------------
| Inter Clock Table
| -----------------
------------------------------------------------------------------------------------------------

From Clock    To Clock          WNS(ns)      TNS(ns)  TNS Failing Endpoints  TNS Total Endpoints      WHS(ns)      THS(ns)  THS Failing Endpoints  THS Total Endpoints  
----------    --------          -------      -------  ---------------------  -------------------      -------      -------  ---------------------  -------------------  


------------------------------------------------------------------------------------------------
| Other Path Groups Table
| -----------------------
------------------------------------------------------------------------------------------------

Path Group    From Clock    To Clock          WNS(ns)      TNS(ns)  TNS Failing Endpoints  TNS Total Endpoints      WHS(ns)      THS(ns)  THS Failing Endpoints  THS Total Endpoints  
----------    ----------    --------          -------      -------  ---------------------  -------------------      -------      -------  ---------------------  -------------------  


------------------------------------------------------------------------------------------------
| Timing Details
| --------------
------------------------------------------------------------------------------------------------


---------------------------------------------------------------------------------------------------
From Clock:  clk
  To Clock:  clk

Setup :            0  Failing Endpoints,  Worst Slack        1.987ns,  Total Violation        0.000ns
Hold  :            0  Failing Endpoints,  Worst Slack        0.132ns,  Total Violation        0.000ns
PW    :            0  Failing Endpoints,  Worst Slack        5.750ns,  Total Violation        0.000ns
---------------------------------------------------------------------------------------------------


Max Delay Paths
--------------------------------------------------------------------------------------
Slack (MET) :             1.987ns  (required time - arrival time)
  Source:                 conv1_inst/issue_oc_reg[2]/C
                            (rising edge-triggered cell FDCE clocked by clk  {rise@0.000ns fall@6.250ns period=12.500ns})
  Destination:            conv1_inst/p_0_out/B[0]
                            (rising edge-triggered cell DSP48E1 clocked by clk  {rise@0.000ns fall@6.250ns period=12.500ns})
  Path Group:             clk
  Path Type:              Setup (Max at Slow Process Corner)
  Requirement:            12.500ns  (clk rise@12.500ns - clk rise@0.000ns)
  Data Path Delay:        6.797ns  (logic 2.084ns (30.662%)  route 4.713ns (69.338%))
  Logic Levels:           5  (CARRY4=1 LUT3=1 LUT6=3)
  Clock Path Skew:        -0.145ns (DCD - SCD + CPR)
    Destination Clock Delay (DCD):    2.128ns = ( 14.628 - 12.500 ) 
    Source Clock Delay      (SCD):    2.456ns
    Clock Pessimism Removal (CPR):    0.184ns
  Clock Uncertainty:      0.035ns  ((TSJ^2 + TIJ^2)^1/2 + DJ) / 2 + PE
    Total System Jitter     (TSJ):    0.071ns
    Total Input Jitter      (TIJ):    0.000ns
    Discrete Jitter          (DJ):    0.000ns
    Phase Error              (PE):    0.000ns

    Location             Delay type                Incr(ns)  Path(ns)    Netlist Resource(s)
  -------------------------------------------------------------------    -------------------
                         (clock clk rise edge)        0.000     0.000 r  
                                                      0.000     0.000 r  clk (IN)
                         net (fo=0)                   0.000     0.000    clk
                         IBUF (Prop_ibuf_I_O)         0.972     0.972 r  clk_IBUF_inst/O
                         net (fo=1, unplaced)         0.800     1.771    clk_IBUF
                         BUFG (Prop_bufg_I_O)         0.101     1.872 r  clk_IBUF_BUFG_inst/O
                         net (fo=46098, unplaced)     0.584     2.456    conv1_inst/clk_IBUF_BUFG
                         FDCE                                         r  conv1_inst/issue_oc_reg[2]/C
  -------------------------------------------------------------------    -------------------
                         FDCE (Prop_fdce_C_Q)         0.478     2.934 r  conv1_inst/issue_oc_reg[2]/Q
                         net (fo=7, unplaced)         0.701     3.635    conv1_inst/issue_oc_reg_n_0_[2]
                         CARRY4 (Prop_carry4_S[0]_O[3])
                                                      0.903     4.538 r  conv1_inst/p_0_out__1_i_11/O[3]
                         net (fo=35, unplaced)        0.881     5.419    conv1_inst/p_0_out__1_i_11_n_4
                         LUT6 (Prop_lut6_I0_O)        0.307     5.726 r  conv1_inst/p_0_out_i_45/O
                         net (fo=2, unplaced)         0.913     6.639    conv1_inst/p_0_out_i_45_n_0
                         LUT3 (Prop_lut3_I0_O)        0.148     6.787 r  conv1_inst/p_0_out_i_43/O
                         net (fo=27, unplaced)        0.516     7.303    conv1_inst/sel[7]
                         LUT6 (Prop_lut6_I4_O)        0.124     7.427 r  conv1_inst/p_0_out_inferred__0/p_0_out_i_37/O
                         net (fo=1, unplaced)         0.902     8.329    conv1_inst/p_0_out_inferred__0/p_0_out_i_37_n_0
                         LUT6 (Prop_lut6_I0_O)        0.124     8.453 r  conv1_inst/p_0_out_inferred__0/p_0_out_i_9/O
                         net (fo=1, unplaced)         0.800     9.253    conv1_inst/p_0_out_inferred__0/p_0_out_i_9_n_0
                         DSP48E1                                      r  conv1_inst/p_0_out/B[0]
  -------------------------------------------------------------------    -------------------

                         (clock clk rise edge)       12.500    12.500 r  
                                                      0.000    12.500 r  clk (IN)
                         net (fo=0)                   0.000    12.500    clk
                         IBUF (Prop_ibuf_I_O)         0.838    13.338 r  clk_IBUF_inst/O
                         net (fo=1, unplaced)         0.760    14.098    clk_IBUF
                         BUFG (Prop_bufg_I_O)         0.091    14.189 r  clk_IBUF_BUFG_inst/O
                         net (fo=46098, unplaced)     0.439    14.628    conv1_inst/clk_IBUF_BUFG
                         DSP48E1                                      r  conv1_inst/p_0_out/CLK
                         clock pessimism              0.184    14.811    
                         clock uncertainty           -0.035    14.776    
                         DSP48E1 (Setup_dsp48e1_CLK_B[0])
                                                     -3.536    11.240    conv1_inst/p_0_out
  -------------------------------------------------------------------
                         required time                         11.240    
                         arrival time                          -9.253    
  -------------------------------------------------------------------
                         slack                                  1.987    





Min Delay Paths
--------------------------------------------------------------------------------------
Slack (MET) :             0.132ns  (arrival time - required time)
  Source:                 backend_inst/fc1_inst/px_d0_reg[0]/C
                            (rising edge-triggered cell FDCE clocked by clk  {rise@0.000ns fall@6.250ns period=12.500ns})
  Destination:            backend_inst/fc1_inst/px_d1_reg[0]/D
                            (rising edge-triggered cell FDCE clocked by clk  {rise@0.000ns fall@6.250ns period=12.500ns})
  Path Group:             clk
  Path Type:              Hold (Min at Fast Process Corner)
  Requirement:            0.000ns  (clk rise@0.000ns - clk rise@0.000ns)
  Data Path Delay:        0.376ns  (logic 0.245ns (65.144%)  route 0.131ns (34.857%))
  Logic Levels:           1  (LUT2=1)
  Clock Path Skew:        0.145ns (DCD - SCD - CPR)
    Destination Clock Delay (DCD):    1.032ns
    Source Clock Delay      (SCD):    0.678ns
    Clock Pessimism Removal (CPR):    0.210ns

    Location             Delay type                Incr(ns)  Path(ns)    Netlist Resource(s)
  -------------------------------------------------------------------    -------------------
                         (clock clk rise edge)        0.000     0.000 r  
                                                      0.000     0.000 r  clk (IN)
                         net (fo=0)                   0.000     0.000    clk
                         IBUF (Prop_ibuf_I_O)         0.200     0.200 r  clk_IBUF_inst/O
                         net (fo=1, unplaced)         0.337     0.538    clk_IBUF
                         BUFG (Prop_bufg_I_O)         0.026     0.564 r  clk_IBUF_BUFG_inst/O
                         net (fo=46098, unplaced)     0.114     0.678    backend_inst/fc1_inst/clk_IBUF_BUFG
                         FDCE                                         r  backend_inst/fc1_inst/px_d0_reg[0]/C
  -------------------------------------------------------------------    -------------------
                         FDCE (Prop_fdce_C_Q)         0.147     0.825 r  backend_inst/fc1_inst/px_d0_reg[0]/Q
                         net (fo=1, unplaced)         0.131     0.956    backend_inst/fc1_inst/px_d0_reg_n_0_[0]
                         LUT2 (Prop_lut2_I1_O)        0.098     1.054 r  backend_inst/fc1_inst/px_d1[0]_i_1/O
                         net (fo=1, unplaced)         0.000     1.054    backend_inst/fc1_inst/px_d1[0]
                         FDCE                                         r  backend_inst/fc1_inst/px_d1_reg[0]/D
  -------------------------------------------------------------------    -------------------

                         (clock clk rise edge)        0.000     0.000 r  
                                                      0.000     0.000 r  clk (IN)
                         net (fo=0)                   0.000     0.000    clk
                         IBUF (Prop_ibuf_I_O)         0.389     0.389 r  clk_IBUF_inst/O
                         net (fo=1, unplaced)         0.355     0.744    clk_IBUF
                         BUFG (Prop_bufg_I_O)         0.029     0.773 r  clk_IBUF_BUFG_inst/O
                         net (fo=46098, unplaced)     0.259     1.032    backend_inst/fc1_inst/clk_IBUF_BUFG
                         FDCE                                         r  backend_inst/fc1_inst/px_d1_reg[0]/C
                         clock pessimism             -0.210     0.823    
                         FDCE (Hold_fdce_C_D)         0.099     0.922    backend_inst/fc1_inst/px_d1_reg[0]
  -------------------------------------------------------------------
                         required time                         -0.922    
                         arrival time                           1.054    
  -------------------------------------------------------------------
                         slack                                  0.132    





Pulse Width Checks
--------------------------------------------------------------------------------------
Clock Name:         clk
Waveform(ns):       { 0.000 6.250 }
Period(ns):         12.500
Sources:            { clk }

Check Type        Corner  Lib Pin             Reference Pin  Required(ns)  Actual(ns)  Slack(ns)  Location  Pin
Min Period        n/a     RAMB36E1/CLKARDCLK  n/a            2.576         12.500      9.924                backend_inst/fc1_inst/w_rom_inst/mem_reg_reg_0_0/CLKARDCLK
Low Pulse Width   Slow    FDCE/C              n/a            0.500         6.250       5.750                in_buf_pixel_reg[0]/C
High Pulse Width  Slow    FDCE/C              n/a            0.500         6.250       5.750                in_buf_pixel_reg[0]/C



